<?xml version="1.0" encoding="UTF-8"?>
<testng-results skipped="0" failed="0" ignored="0" total="1" passed="1">
  <reporter-output>
  </reporter-output>
  <suite name="Default suite" duration-ms="34850" started-at="2019-02-18T12:34:15Z" finished-at="2019-02-18T12:34:49Z">
    <groups>
    </groups>
    <test name="Default test" duration-ms="34850" started-at="2019-02-18T12:34:15Z" finished-at="2019-02-18T12:34:49Z">
      <class name="Actions.PersonalTest">
        <test-method status="PASS" signature="init()[pri:0, instance:Actions.PersonalTest@5d512ddb]" name="init" is-config="true" duration-ms="4969" started-at="2019-02-18T12:34:10Z" finished-at="2019-02-18T12:34:15Z">
          <reporter-output>
          </reporter-output>
        </test-method> <!-- init -->
        <test-method status="PASS" signature="OpenURL()[pri:0, instance:Actions.PersonalTest@5d512ddb]" name="OpenURL" is-config="true" duration-ms="9004" started-at="2019-02-18T12:34:15Z" finished-at="2019-02-18T12:34:24Z">
          <reporter-output>
          </reporter-output>
        </test-method> <!-- OpenURL -->
        <test-method status="PASS" signature="register()[pri:0, instance:Actions.PersonalTest@5d512ddb]" name="register" duration-ms="25791" started-at="2019-02-18T12:34:24Z" description="Register as a new user" finished-at="2019-02-18T12:34:49Z">
          <reporter-output>
          </reporter-output>
        </test-method> <!-- register -->
        <test-method status="PASS" signature="genrateReport()[pri:0, instance:Actions.PersonalTest@5d512ddb]" name="genrateReport" is-config="true" duration-ms="0" started-at="2019-02-18T12:34:49Z" finished-at="2019-02-18T12:34:49Z">
          <reporter-output>
          </reporter-output>
        </test-method> <!-- genrateReport -->
        <test-method status="PASS" signature="tearDown()[pri:0, instance:Actions.PersonalTest@5d512ddb]" name="tearDown" is-config="true" duration-ms="608" started-at="2019-02-18T12:34:49Z" finished-at="2019-02-18T12:34:50Z">
          <reporter-output>
          </reporter-output>
        </test-method> <!-- tearDown -->
      </class> <!-- Actions.PersonalTest -->
    </test> <!-- Default test -->
  </suite> <!-- Default suite -->
</testng-results>
